<?xml version="1.0" encoding="UTF-8"?>
<robot generator="Robot 4.1.3 (Python 3.10.2 on win32)" generated="20220417 22:44:01.925" rpa="false" schemaversion="2">
<suite id="s1" name="Teste Feio" source="C:\Users\Tiago Gomes\OneDrive\Documentos\Automação de Testes\RobotFramework\Linter_Robotframework\Teste_Feio.Robot">
<kw name="Start Session" type="SETUP">
<arg>host=${IPADDRESS}</arg>
<arg>user=${USERNAME}</arg>
<arg>password=${PASSWORD}</arg>
<msg timestamp="20220417 22:44:02.092" level="FAIL">No keyword with name 'Start Session' found.</msg>
<status status="FAIL" starttime="20220417 22:44:02.092" endtime="20220417 22:44:02.092"/>
</kw>
<test id="s1-t1" name="Test1">
<doc>Validate Test1</doc>
<tag>sanity</tag>
<status status="FAIL" starttime="20220417 22:44:02.092" endtime="20220417 22:44:02.093">Parent suite setup failed:
No keyword with name 'Start Session' found.</status>
</test>
<test id="s1-t2" name="Test2">
<doc>Validate Test2</doc>
<tag>smoke</tag>
<status status="FAIL" starttime="20220417 22:44:02.096" endtime="20220417 22:44:02.098">Parent suite setup failed:
No keyword with name 'Start Session' found.</status>
</test>
<kw name="Close Session" type="TEARDOWN">
<msg timestamp="20220417 22:44:02.103" level="FAIL">No keyword with name 'Close Session' found.</msg>
<status status="FAIL" starttime="20220417 22:44:02.103" endtime="20220417 22:44:02.103">No keyword with name 'Close Session' found.</status>
</kw>
<doc>Example using the space separated format.
and this documentation is multiline
where this line should go I wonder?</doc>
<status status="FAIL" starttime="20220417 22:44:01.927" endtime="20220417 22:44:02.103">Suite setup failed:
No keyword with name 'Start Session' found.

Also suite teardown failed:
No keyword with name 'Close Session' found.</status>
</suite>
<statistics>
<total>
<stat pass="0" fail="2" skip="0">All Tests</stat>
</total>
<tag>
<stat pass="0" fail="1" skip="0">sanity</stat>
<stat pass="0" fail="1" skip="0">smoke</stat>
</tag>
<suite>
<stat pass="0" fail="2" skip="0" id="s1" name="Teste Feio">Teste Feio</stat>
</suite>
</statistics>
<errors>
<msg timestamp="20220417 22:44:01.928" level="ERROR">Error in file 'C:\Users\Tiago Gomes\OneDrive\Documentos\Automação de Testes\RobotFramework\Linter_Robotframework\Teste_Feio.Robot' on line 24: Setting variable '' failed: Invalid variable name ''.</msg>
<msg timestamp="20220417 22:44:02.086" level="ERROR">Error in file 'C:\Users\Tiago Gomes\OneDrive\Documentos\Automação de Testes\RobotFramework\Linter_Robotframework\Teste_Feio.Robot' on line 9: Library 'Collections' expected 0 arguments, got 3.</msg>
</errors>
</robot>
