<?xml version="1.0" encoding="UTF-8"?>
<robot generator="Robot 4.1.3 (Python 3.10.2 on win32)" generated="20220424 13:32:57.921" rpa="false" schemaversion="2">
<suite id="s1" name="Teste Feio" source="C:\Users\Tiago Gomes\OneDrive\Documentos\Automação de Testes\RobotFramework\Linter_Robotframework\Teste_Feio.robot">
<kw name="Start Session" type="SETUP">
<arg>host=${IPADDRESS}</arg>
<arg>user=${USERNAME}</arg>
<arg>password=${PASSWORD}</arg>
<msg timestamp="20220424 13:32:58.025" level="FAIL">No keyword with name 'Start Session' found.</msg>
<status status="FAIL" starttime="20220424 13:32:58.025" endtime="20220424 13:32:58.025"/>
</kw>
<test id="s1-t1" name="Test1">
<doc>Validate Test1</doc>
<tag>sanity</tag>
<status status="FAIL" starttime="20220424 13:32:58.025" endtime="20220424 13:32:58.025">Parent suite setup failed:
No keyword with name 'Start Session' found.</status>
</test>
<test id="s1-t2" name="Test2">
<doc>Validate Test2</doc>
<tag>smoke</tag>
<status status="FAIL" starttime="20220424 13:32:58.027" endtime="20220424 13:32:58.027">Parent suite setup failed:
No keyword with name 'Start Session' found.</status>
</test>
<test id="s1-t3" name="test1">
<status status="FAIL" starttime="20220424 13:32:58.029" endtime="20220424 13:32:58.029">Parent suite setup failed:
No keyword with name 'Start Session' found.</status>
</test>
<test id="s1-t4" name="test2 long test name">
<status status="FAIL" starttime="20220424 13:32:58.030" endtime="20220424 13:32:58.030">Parent suite setup failed:
No keyword with name 'Start Session' found.</status>
</test>
<kw name="Close Session" type="TEARDOWN">
<msg timestamp="20220424 13:32:58.032" level="FAIL">No keyword with name 'Close Session' found.</msg>
<status status="FAIL" starttime="20220424 13:32:58.032" endtime="20220424 13:32:58.032">No keyword with name 'Close Session' found.</status>
</kw>
<doc>Example using the space separated format.
and this documentation is multiline
where this line should go I wonder?</doc>
<status status="FAIL" starttime="20220424 13:32:57.922" endtime="20220424 13:32:58.032">Suite setup failed:
No keyword with name 'Start Session' found.

Also suite teardown failed:
No keyword with name 'Close Session' found.</status>
</suite>
<statistics>
<total>
<stat pass="0" fail="4" skip="0">All Tests</stat>
</total>
<tag>
<stat pass="0" fail="1" skip="0">sanity</stat>
<stat pass="0" fail="1" skip="0">smoke</stat>
</tag>
<suite>
<stat pass="0" fail="4" skip="0" id="s1" name="Teste Feio">Teste Feio</stat>
</suite>
</statistics>
<errors>
<msg timestamp="20220424 13:32:58.020" level="ERROR">Error in file 'C:\Users\Tiago Gomes\OneDrive\Documentos\Automação de Testes\RobotFramework\Linter_Robotframework\Teste_Feio.robot' on line 7: Library 'Collections' expected 0 arguments, got 3.</msg>
<msg timestamp="20220424 13:32:58.028" level="WARN">Multiple test cases with name 'test1' executed in test suite 'Teste Feio'.</msg>
</errors>
</robot>
